F:\Anaconda3\python.exe E:/college/Gossip/anti_entropy.py
2018-11-29 10:36:40
-------------Init_push-------------
epoch 0 Infected nodes = 0
epoch 0 Update times = 0
random Infected node = 959284
------------------------------
epoch 1 Infected nodes = 2
epoch 1 Update times = 1
epoch 2 Infected nodes = 4
epoch 2 Update times = 2
epoch 3 Infected nodes = 8
epoch 3 Update times = 4
epoch 4 Infected nodes = 16
epoch 4 Update times = 8
epoch 5 Infected nodes = 32
epoch 5 Update times = 16
epoch 6 Infected nodes = 64
epoch 6 Update times = 32
epoch 7 Infected nodes = 128
epoch 7 Update times = 64
epoch 8 Infected nodes = 256
epoch 8 Update times = 128
epoch 9 Infected nodes = 512
epoch 9 Update times = 256
epoch 10 Infected nodes = 1023
epoch 10 Update times = 511
epoch 11 Infected nodes = 2046
epoch 11 Update times = 1023
epoch 12 Infected nodes = 4088
epoch 12 Update times = 2042
epoch 13 Infected nodes = 8150
epoch 13 Update times = 4062
epoch 14 Infected nodes = 16201
epoch 14 Update times = 8051
epoch 15 Infected nodes = 32017
epoch 15 Update times = 15816
epoch 16 Infected nodes = 62502
epoch 16 Update times = 30485
epoch 17 Infected nodes = 119395
epoch 17 Update times = 56893
epoch 18 Infected nodes = 218311
epoch 18 Update times = 98916
epoch 19 Infected nodes = 371469
epoch 19 Update times = 153158
epoch 20 Infected nodes = 566552
epoch 20 Update times = 195083
epoch 21 Infected nodes = 754094
epoch 21 Update times = 187542
epoch 22 Infected nodes = 883978
epoch 22 Update times = 129884
epoch 23 Infected nodes = 952158
epoch 23 Update times = 68180
epoch 24 Infected nodes = 981495
epoch 24 Update times = 29337
epoch 25 Infected nodes = 993132
epoch 25 Update times = 11637
epoch 26 Infected nodes = 997368
epoch 26 Update times = 4236
epoch 27 Infected nodes = 999044
epoch 27 Update times = 1676
epoch 28 Infected nodes = 999637
epoch 28 Update times = 593
epoch 29 Infected nodes = 999857
epoch 29 Update times = 220
epoch 30 Infected nodes = 999955
epoch 30 Update times = 98
epoch 31 Infected nodes = 999988
epoch 31 Update times = 33
epoch 32 Infected nodes = 999994
epoch 32 Update times = 6
epoch 33 Infected nodes = 999999
epoch 33 Update times = 5
epoch 34 Infected nodes = 1000000
epoch 34 Update times = 1
time difference = 23.19695281982422
2018-11-29 10:37:03
-------------Init_pull-------------
epoch 0 Infected nodes = 0
epoch 0 Update times = 0
random Infected node = 528916
------------------------------
epoch 1 Infected nodes = 1
epoch 1 Update times = 0
epoch 2 Infected nodes = 7
epoch 2 Update times = 6
epoch 3 Infected nodes = 24
epoch 3 Update times = 17
epoch 4 Infected nodes = 71
epoch 4 Update times = 47
epoch 5 Infected nodes = 199
epoch 5 Update times = 128
epoch 6 Infected nodes = 488
epoch 6 Update times = 289
epoch 7 Infected nodes = 1431
epoch 7 Update times = 943
epoch 8 Infected nodes = 3828
epoch 8 Update times = 2397
epoch 9 Infected nodes = 10461
epoch 9 Update times = 6633
epoch 10 Infected nodes = 28374
epoch 10 Update times = 17913
epoch 11 Infected nodes = 75001
epoch 11 Update times = 46627
epoch 12 Infected nodes = 189241
epoch 12 Update times = 114240
epoch 13 Infected nodes = 425813
epoch 13 Update times = 236572
epoch 14 Infected nodes = 755917
epoch 14 Update times = 330104
epoch 15 Infected nodes = 964588
epoch 15 Update times = 208671
epoch 16 Infected nodes = 999319
epoch 16 Update times = 34731
epoch 17 Infected nodes = 1000000
epoch 17 Update times = 681
time difference = 22.219600677490234
2018-11-29 10:37:25
-------------Init_push_pull-------------
epoch 0 Infected nodes = 0
epoch 0 Update times = 0
random Infected node = 248445
------------------------------
epoch 1 Infected nodes = 6
epoch 1 Update times = 5
epoch 2 Infected nodes = 31
epoch 2 Update times = 25
epoch 3 Infected nodes = 152
epoch 3 Update times = 121
epoch 4 Infected nodes = 823
epoch 4 Update times = 671
epoch 5 Infected nodes = 4243
epoch 5 Update times = 3420
epoch 6 Infected nodes = 21416
epoch 6 Update times = 17173
epoch 7 Infected nodes = 102907
epoch 7 Update times = 81491
epoch 8 Infected nodes = 401622
epoch 8 Update times = 298715
epoch 9 Infected nodes = 864565
epoch 9 Update times = 462943
epoch 10 Infected nodes = 996743
epoch 10 Update times = 132178
epoch 11 Infected nodes = 1000000
epoch 11 Update times = 3257
time difference = 20.229918241500854
2018-11-29 10:37:46
push time diff =  23.19695281982422
pull time diff =  22.219600677490234
push_pull time diff =  20.229918241500854

Process finished with exit code 0
