F:\Anaconda3\python.exe E:/college/Gossip/average.py
2018-11-29 10:35:37
-------------Init_push_pull-------------
epoch 0 Std = 288675.1345946686
epoch 0 Susceptible nodes = 1000000
epoch 0 Update times = 0
random Infected node = 924742
mean_init = 499999.5
------------------------------
epoch 1 Std = 288674.9055940014
epoch 1 Susceptible nodes = 999994
epoch 1 Update times = 5
epoch 2 Std = 288671.8675309673
epoch 2 Susceptible nodes = 999966
epoch 2 Update times = 28
epoch 3 Std = 288658.1428070316
epoch 3 Susceptible nodes = 999820
epoch 3 Update times = 146
epoch 4 Std = 288579.70800077985
epoch 4 Susceptible nodes = 999097
epoch 4 Update times = 723
epoch 5 Std = 288218.06233607023
epoch 5 Susceptible nodes = 995425
epoch 5 Update times = 3674
epoch 6 Std = 286412.9400846969
epoch 6 Susceptible nodes = 977033
epoch 6 Update times = 18492
epoch 7 Std = 277697.68810158106
epoch 7 Susceptible nodes = 889652
epoch 7 Update times = 89749
epoch 8 Std = 242465.6151023681
epoch 8 Susceptible nodes = 577963
epoch 8 Update times = 356537
epoch 9 Std = 162439.26973831552
epoch 9 Susceptible nodes = 122551
epoch 9 Update times = 819836
epoch 10 Std = 89460.18443620137
epoch 10 Susceptible nodes = 2730
epoch 10 Update times = 994097
epoch 11 Std = 48418.6910121529
epoch 11 Susceptible nodes = 2
epoch 11 Update times = 999996
epoch 12 Std = 26232.04107556623
epoch 12 Susceptible nodes = 0
epoch 12 Update times = 1000000
epoch 13 Std = 14210.361121187732
epoch 13 Susceptible nodes = 0
epoch 13 Update times = 1000000
epoch 14 Std = 7688.08169691599
epoch 14 Susceptible nodes = 0
epoch 14 Update times = 1000000
epoch 15 Std = 4164.646849466623
epoch 15 Susceptible nodes = 0
epoch 15 Update times = 1000000
epoch 16 Std = 2255.154237235074
epoch 16 Susceptible nodes = 0
epoch 16 Update times = 1000000
epoch 17 Std = 1220.3132134007058
epoch 17 Susceptible nodes = 0
epoch 17 Update times = 1000000
epoch 18 Std = 661.9689637081824
epoch 18 Susceptible nodes = 0
epoch 18 Update times = 1000000
epoch 19 Std = 359.0034390436621
epoch 19 Susceptible nodes = 0
epoch 19 Update times = 1000000
epoch 20 Std = 194.47208942475459
epoch 20 Susceptible nodes = 0
epoch 20 Update times = 1000000
epoch 21 Std = 105.44041497801688
epoch 21 Susceptible nodes = 0
epoch 21 Update times = 1000000
epoch 22 Std = 57.022745184071894
epoch 22 Susceptible nodes = 0
epoch 22 Update times = 1000000
epoch 23 Std = 30.859159045570937
epoch 23 Susceptible nodes = 0
epoch 23 Update times = 1000000
epoch 24 Std = 16.731110425956395
epoch 24 Susceptible nodes = 0
epoch 24 Update times = 1000000
epoch 25 Std = 9.055542940536954
epoch 25 Susceptible nodes = 0
epoch 25 Update times = 1000000
epoch 26 Std = 4.907583965305923
epoch 26 Susceptible nodes = 0
epoch 26 Update times = 1000000
epoch 27 Std = 2.6593432218802078
epoch 27 Susceptible nodes = 0
epoch 27 Update times = 1000000
epoch 28 Std = 1.4392901468688626
epoch 28 Susceptible nodes = 0
epoch 28 Update times = 1000000
epoch 29 Std = 0.7800492945009286
epoch 29 Susceptible nodes = 0
epoch 29 Update times = 1000000
epoch 30 Std = 0.4222107956443944
epoch 30 Susceptible nodes = 0
epoch 30 Update times = 1000000
epoch 31 Std = 0.22859473724581303
epoch 31 Susceptible nodes = 0
epoch 31 Update times = 1000000
epoch 32 Std = 0.12384959965567967
epoch 32 Susceptible nodes = 0
epoch 32 Update times = 1000000
epoch 33 Std = 0.06709243684996785
epoch 33 Susceptible nodes = 0
epoch 33 Update times = 1000000
epoch 34 Std = 0.036311643649029376
epoch 34 Susceptible nodes = 0
epoch 34 Update times = 1000000
epoch 35 Std = 0.019649282939120456
epoch 35 Susceptible nodes = 0
epoch 35 Update times = 1000000
epoch 36 Std = 0.010645717784633595
epoch 36 Susceptible nodes = 0
epoch 36 Update times = 1000000
epoch 37 Std = 0.005770882805287402
epoch 37 Susceptible nodes = 0
epoch 37 Update times = 1000000
epoch 38 Std = 0.0031283084027571993
epoch 38 Susceptible nodes = 0
epoch 38 Update times = 1000000
epoch 39 Std = 0.0016936963270781213
epoch 39 Susceptible nodes = 0
epoch 39 Update times = 1000000
epoch 40 Std = 0.0009165623599203123
epoch 40 Susceptible nodes = 0
epoch 40 Update times = 1000000
time difference = 550.8045172691345
2018-11-29 10:44:48
-------------Init_gossip_push-------------
epoch 0 Std = 288675.13459466863
epoch 0 Susceptible nodes = 1000000
epoch 0 Update times = 0
random Infected node = 601001
mean_init = 499999.5
------------------------------
epoch 1 Std = 288675.09152886056
epoch 1 Susceptible nodes = 999998
epoch 1 Update times = 1
epoch 1 Infected nodes = 2
epoch 1 Removed nodes = 0
epoch 2 Std = 288674.71547773725
epoch 2 Susceptible nodes = 999996
epoch 2 Update times = 2
epoch 2 Infected nodes = 4
epoch 2 Removed nodes = 0
epoch 3 Std = 288674.2812076635
epoch 3 Susceptible nodes = 999992
epoch 3 Update times = 4
epoch 3 Infected nodes = 8
epoch 3 Removed nodes = 0
epoch 4 Std = 288673.42237696965
epoch 4 Susceptible nodes = 999984
epoch 4 Update times = 8
epoch 4 Infected nodes = 16
epoch 4 Removed nodes = 0
epoch 5 Std = 288671.984409996
epoch 5 Susceptible nodes = 999968
epoch 5 Update times = 16
epoch 5 Infected nodes = 32
epoch 5 Removed nodes = 0
epoch 6 Std = 288668.79963071336
epoch 6 Susceptible nodes = 999936
epoch 6 Update times = 32
epoch 6 Infected nodes = 64
epoch 6 Removed nodes = 0
epoch 7 Std = 288660.6831079002
epoch 7 Susceptible nodes = 999872
epoch 7 Update times = 64
epoch 7 Infected nodes = 128
epoch 7 Removed nodes = 0
epoch 8 Std = 288645.93467625976
epoch 8 Susceptible nodes = 999744
epoch 8 Update times = 128
epoch 8 Infected nodes = 256
epoch 8 Removed nodes = 0
epoch 9 Std = 288623.57130476146
epoch 9 Susceptible nodes = 999488
epoch 9 Update times = 256
epoch 9 Infected nodes = 512
epoch 9 Removed nodes = 0
epoch 10 Std = 288570.50527982024
epoch 10 Susceptible nodes = 998977
epoch 10 Update times = 512
epoch 10 Infected nodes = 1023
epoch 10 Removed nodes = 0
epoch 11 Std = 288464.29645874095
epoch 11 Susceptible nodes = 997954
epoch 11 Update times = 1023
epoch 11 Infected nodes = 2046
epoch 11 Removed nodes = 0
epoch 12 Std = 288256.85056427424
epoch 12 Susceptible nodes = 995915
epoch 12 Update times = 2046
epoch 12 Infected nodes = 4085
epoch 12 Removed nodes = 0
epoch 13 Std = 287864.57464171853
epoch 13 Susceptible nodes = 991857
epoch 13 Update times = 4085
epoch 13 Infected nodes = 8143
epoch 13 Removed nodes = 0
epoch 14 Std = 287071.39148003096
epoch 14 Susceptible nodes = 983803
epoch 14 Update times = 8143
epoch 14 Infected nodes = 16197
epoch 14 Removed nodes = 0
epoch 15 Std = 285527.29605527775
epoch 15 Susceptible nodes = 967986
epoch 15 Update times = 16197
epoch 15 Infected nodes = 32014
epoch 15 Removed nodes = 0
epoch 16 Std = 282522.11363842693
epoch 16 Susceptible nodes = 937526
epoch 16 Update times = 32014
epoch 16 Infected nodes = 62474
epoch 16 Removed nodes = 0
epoch 17 Std = 276682.5541132435
epoch 17 Susceptible nodes = 880678
epoch 17 Update times = 62474
epoch 17 Infected nodes = 119322
epoch 17 Removed nodes = 0
epoch 18 Std = 265746.0513871316
epoch 18 Susceptible nodes = 781557
epoch 18 Update times = 119321
epoch 18 Infected nodes = 218443
epoch 18 Removed nodes = 0
epoch 19 Std = 246610.3940794727
epoch 19 Susceptible nodes = 628058
epoch 19 Update times = 218443
epoch 19 Infected nodes = 371942
epoch 19 Removed nodes = 0
epoch 20 Std = 216678.30579085043
epoch 20 Susceptible nodes = 432833
epoch 20 Update times = 371942
epoch 20 Infected nodes = 567167
epoch 20 Removed nodes = 0
epoch 21 Std = 176893.4879067815
epoch 21 Susceptible nodes = 245084
epoch 21 Update times = 567166
epoch 21 Infected nodes = 754915
epoch 21 Removed nodes = 1
epoch 22 Std = 133134.56595526187
epoch 22 Susceptible nodes = 114955
epoch 22 Update times = 754915
epoch 22 Infected nodes = 885044
epoch 22 Removed nodes = 1
epoch 23 Std = 93667.48387632341
epoch 23 Susceptible nodes = 47506
epoch 23 Update times = 885043
epoch 23 Infected nodes = 952492
epoch 23 Removed nodes = 2
epoch 24 Std = 62704.04146139279
epoch 24 Susceptible nodes = 18191
epoch 24 Update times = 952491
epoch 24 Infected nodes = 981806
epoch 24 Removed nodes = 3
epoch 25 Std = 40679.20669464845
epoch 25 Susceptible nodes = 6787
epoch 25 Update times = 981806
epoch 25 Infected nodes = 993210
epoch 25 Removed nodes = 3
epoch 26 Std = 25871.48701804938
epoch 26 Susceptible nodes = 2396
epoch 26 Update times = 993209
epoch 26 Infected nodes = 997601
epoch 26 Removed nodes = 3
epoch 27 Std = 16274.643788623054
epoch 27 Susceptible nodes = 891
epoch 27 Update times = 997599
epoch 27 Infected nodes = 999106
epoch 27 Removed nodes = 3
epoch 28 Std = 10110.794262112626
epoch 28 Susceptible nodes = 333
epoch 28 Update times = 999106
epoch 28 Infected nodes = 999664
epoch 28 Removed nodes = 3
epoch 29 Std = 6163.722916171062
epoch 29 Susceptible nodes = 115
epoch 29 Update times = 999662
epoch 29 Infected nodes = 999881
epoch 29 Removed nodes = 4
epoch 30 Std = 3791.8414755080657
epoch 30 Susceptible nodes = 48
epoch 30 Update times = 999876
epoch 30 Infected nodes = 999944
epoch 30 Removed nodes = 8
epoch 31 Std = 2340.5026525405387
epoch 31 Susceptible nodes = 15
epoch 31 Update times = 999942
epoch 31 Infected nodes = 999976
epoch 31 Removed nodes = 9
epoch 32 Std = 1430.0829799310359
epoch 32 Susceptible nodes = 4
epoch 32 Update times = 999976
epoch 32 Infected nodes = 999987
epoch 32 Removed nodes = 9
epoch 33 Std = 877.1317158386122
epoch 33 Susceptible nodes = 1
epoch 33 Update times = 999984
epoch 33 Infected nodes = 999988
epoch 33 Removed nodes = 11
epoch 34 Std = 597.3852258233691
epoch 34 Susceptible nodes = 1
epoch 34 Update times = 999981
epoch 34 Infected nodes = 999983
epoch 34 Removed nodes = 16
epoch 35 Std = 377.86687888470783
epoch 35 Susceptible nodes = 0
epoch 35 Update times = 999979
epoch 35 Infected nodes = 999981
epoch 35 Removed nodes = 19
epoch 36 Std = 191.4095428124691
epoch 36 Susceptible nodes = 0
epoch 36 Update times = 999975
epoch 36 Infected nodes = 999979
epoch 36 Removed nodes = 21
epoch 37 Std = 109.39018158939122
epoch 37 Susceptible nodes = 0
epoch 37 Update times = 999970
epoch 37 Infected nodes = 999972
epoch 37 Removed nodes = 28
epoch 38 Std = 60.37062421413748
epoch 38 Susceptible nodes = 0
epoch 38 Update times = 999951
epoch 38 Infected nodes = 999955
epoch 38 Removed nodes = 45
epoch 39 Std = 33.20862402216835
epoch 39 Susceptible nodes = 0
epoch 39 Update times = 999920
epoch 39 Infected nodes = 999931
epoch 39 Removed nodes = 69
epoch 40 Std = 16.8567648772976
epoch 40 Susceptible nodes = 0
epoch 40 Update times = 999886
epoch 40 Infected nodes = 999899
epoch 40 Removed nodes = 101
epoch 41 Std = 8.883313866338117
epoch 41 Susceptible nodes = 0
epoch 41 Update times = 999792
epoch 41 Infected nodes = 999814
epoch 41 Removed nodes = 186
epoch 42 Std = 4.826346833364541
epoch 42 Susceptible nodes = 0
epoch 42 Update times = 999674
epoch 42 Infected nodes = 999712
epoch 42 Removed nodes = 288
epoch 43 Std = 2.591858426300383
epoch 43 Susceptible nodes = 0
epoch 43 Update times = 999457
epoch 43 Infected nodes = 999539
epoch 43 Removed nodes = 461
epoch 44 Std = 1.3955045505538497
epoch 44 Susceptible nodes = 0
epoch 44 Update times = 999126
epoch 44 Infected nodes = 999233
epoch 44 Removed nodes = 767
epoch 45 Std = 0.7543648640086323
epoch 45 Susceptible nodes = 0
epoch 45 Update times = 998525
epoch 45 Infected nodes = 998704
epoch 45 Removed nodes = 1296
epoch 46 Std = 0.40939472554918754
epoch 46 Susceptible nodes = 0
epoch 46 Update times = 997389
epoch 46 Infected nodes = 997712
epoch 46 Removed nodes = 2288
epoch 47 Std = 0.22273768991313525
epoch 47 Susceptible nodes = 0
epoch 47 Update times = 995570
epoch 47 Infected nodes = 996100
epoch 47 Removed nodes = 3900
epoch 48 Std = 0.12109264998420888
epoch 48 Susceptible nodes = 0
epoch 48 Update times = 992386
epoch 48 Infected nodes = 993316
epoch 48 Removed nodes = 6684
epoch 49 Std = 0.06628520157887208
epoch 49 Susceptible nodes = 0
epoch 49 Update times = 986812
epoch 49 Infected nodes = 988457
epoch 49 Removed nodes = 11543
epoch 50 Std = 0.03657475918808535
epoch 50 Susceptible nodes = 0
epoch 50 Update times = 976808
epoch 50 Infected nodes = 979640
epoch 50 Removed nodes = 20360
epoch 51 Std = 0.020588703359983473
epoch 51 Susceptible nodes = 0
epoch 51 Update times = 958838
epoch 51 Infected nodes = 963982
epoch 51 Removed nodes = 36018
epoch 52 Std = 0.011983038901069443
epoch 52 Susceptible nodes = 0
epoch 52 Update times = 927185
epoch 52 Infected nodes = 936177
epoch 52 Removed nodes = 63823
epoch 53 Std = 0.007220215084794805
epoch 53 Susceptible nodes = 0
epoch 53 Update times = 872593
epoch 53 Infected nodes = 888222
epoch 53 Removed nodes = 111778
epoch 54 Std = 0.004709762067244134
epoch 54 Susceptible nodes = 0
epoch 54 Update times = 784041
epoch 54 Infected nodes = 809452
epoch 54 Removed nodes = 190548
epoch 55 Std = 0.003363899293639855
epoch 55 Susceptible nodes = 0
epoch 55 Update times = 650897
epoch 55 Infected nodes = 688610
epoch 55 Removed nodes = 311390
epoch 56 Std = 0.0025307256268660627
epoch 56 Susceptible nodes = 0
epoch 56 Update times = 480825
epoch 56 Infected nodes = 527802
epoch 56 Removed nodes = 472198
epoch 57 Std = 0.0020614587689252715
epoch 57 Susceptible nodes = 0
epoch 57 Update times = 308442
epoch 57 Infected nodes = 354457
epoch 57 Removed nodes = 645543
epoch 58 Std = 0.0018165474733292158
epoch 58 Susceptible nodes = 0
epoch 58 Update times = 175880
epoch 58 Infected nodes = 210308
epoch 58 Removed nodes = 789692
epoch 59 Std = 0.001697984325423036
epoch 59 Susceptible nodes = 0
epoch 59 Update times = 93914
epoch 59 Infected nodes = 113944
epoch 59 Removed nodes = 886056
epoch 60 Std = 0.0016210680953130828
epoch 60 Susceptible nodes = 0
epoch 60 Update times = 48139
epoch 60 Infected nodes = 58023
epoch 60 Removed nodes = 941977
epoch 61 Std = 0.0015869303252227
epoch 61 Susceptible nodes = 0
epoch 61 Update times = 23874
epoch 61 Infected nodes = 28496
epoch 61 Removed nodes = 971504
epoch 62 Std = 0.0015713556817890328
epoch 62 Susceptible nodes = 0
epoch 62 Update times = 11612
epoch 62 Infected nodes = 13762
epoch 62 Removed nodes = 986238
epoch 63 Std = 0.0015640851893121534
epoch 63 Susceptible nodes = 0
epoch 63 Update times = 5541
epoch 63 Infected nodes = 6550
epoch 63 Removed nodes = 993450
epoch 64 Std = 0.0015600533629326744
epoch 64 Susceptible nodes = 0
epoch 64 Update times = 2617
epoch 64 Infected nodes = 3041
epoch 64 Removed nodes = 996959
epoch 65 Std = 0.0015579801607797953
epoch 65 Susceptible nodes = 0
epoch 65 Update times = 1218
epoch 65 Infected nodes = 1378
epoch 65 Removed nodes = 998622
epoch 66 Std = 0.0015571769752138575
epoch 66 Susceptible nodes = 0
epoch 66 Update times = 584
epoch 66 Infected nodes = 695
epoch 66 Removed nodes = 999305
epoch 67 Std = 0.0015569020233151334
epoch 67 Susceptible nodes = 0
epoch 67 Update times = 283
epoch 67 Infected nodes = 331
epoch 67 Removed nodes = 999669
epoch 68 Std = 0.001556749838102104
epoch 68 Susceptible nodes = 0
epoch 68 Update times = 126
epoch 68 Infected nodes = 148
epoch 68 Removed nodes = 999852
epoch 69 Std = 0.0015567048702318424
epoch 69 Susceptible nodes = 0
epoch 69 Update times = 58
epoch 69 Infected nodes = 67
epoch 69 Removed nodes = 999933
epoch 70 Std = 0.001556681575089996
epoch 70 Susceptible nodes = 0
epoch 70 Update times = 35
epoch 70 Infected nodes = 36
epoch 70 Removed nodes = 999964
epoch 71 Std = 0.0015566684512505666
epoch 71 Susceptible nodes = 0
epoch 71 Update times = 13
epoch 71 Infected nodes = 14
epoch 71 Removed nodes = 999986
epoch 72 Std = 0.0015566663877508945
epoch 72 Susceptible nodes = 0
epoch 72 Update times = 5
epoch 72 Infected nodes = 7
epoch 72 Removed nodes = 999993
epoch 73 Std = 0.0015566641972342553
epoch 73 Susceptible nodes = 0
epoch 73 Update times = 3
epoch 73 Infected nodes = 3
epoch 73 Removed nodes = 999997
epoch 74 Std = 0.001556663757475171
epoch 74 Susceptible nodes = 0
epoch 74 Update times = 2
epoch 74 Infected nodes = 3
epoch 74 Removed nodes = 999997
epoch 75 Std = 0.001556663757475171
epoch 75 Susceptible nodes = 0
epoch 75 Update times = 0
epoch 75 Infected nodes = 0
epoch 75 Removed nodes = 1000000
time difference = 483.12159991264343
2018-11-29 10:52:51
-------------Init_gossip_push_pull-------------
epoch 0 Std = 288675.1345946685
epoch 0 Susceptible nodes = 1000000
epoch 0 Update times = 0
random Infected node = 813608
mean_init = 499999.5
------------------------------
epoch 1 Std = 288674.3222119277
epoch 1 Susceptible nodes = 999993
epoch 1 Update times = 6
epoch 1 Infected nodes = 7
epoch 1 Removed nodes = 0
epoch 2 Std = 288670.5407280629
epoch 2 Susceptible nodes = 999958
epoch 2 Update times = 35
epoch 2 Infected nodes = 42
epoch 2 Removed nodes = 0
epoch 3 Std = 288652.6624611189
epoch 3 Susceptible nodes = 999780
epoch 3 Update times = 178
epoch 3 Infected nodes = 220
epoch 3 Removed nodes = 0
epoch 4 Std = 288557.1801838821
epoch 4 Susceptible nodes = 998779
epoch 4 Update times = 1001
epoch 4 Infected nodes = 1221
epoch 4 Removed nodes = 0
epoch 5 Std = 288053.0528053353
epoch 5 Susceptible nodes = 993421
epoch 5 Update times = 5362
epoch 5 Infected nodes = 6579
epoch 5 Removed nodes = 0
epoch 6 Std = 285311.66908510594
epoch 6 Susceptible nodes = 965142
epoch 6 Update times = 28341
epoch 6 Infected nodes = 34858
epoch 6 Removed nodes = 0
epoch 7 Std = 271521.9960203099
epoch 7 Susceptible nodes = 828034
epoch 7 Update times = 138869
epoch 7 Infected nodes = 171966
epoch 7 Removed nodes = 0
epoch 8 Std = 220904.79522225464
epoch 8 Susceptible nodes = 391881
epoch 8 Update times = 477192
epoch 8 Infected nodes = 608119
epoch 8 Removed nodes = 0
epoch 9 Std = 143551.75749150518
epoch 9 Susceptible nodes = 26473
epoch 9 Update times = 795238
epoch 9 Infected nodes = 973525
epoch 9 Removed nodes = 2
epoch 10 Std = 80772.45114221539
epoch 10 Susceptible nodes = 53
epoch 10 Update times = 983609
epoch 10 Infected nodes = 999944
epoch 10 Removed nodes = 3
epoch 11 Std = 44000.777785563456
epoch 11 Susceptible nodes = 0
epoch 11 Update times = 999965
epoch 11 Infected nodes = 999997
epoch 11 Removed nodes = 3
epoch 12 Std = 23916.83859711144
epoch 12 Susceptible nodes = 0
epoch 12 Update times = 999997
epoch 12 Infected nodes = 999997
epoch 12 Removed nodes = 3
epoch 13 Std = 12970.60101904993
epoch 13 Susceptible nodes = 0
epoch 13 Update times = 999994
epoch 13 Infected nodes = 999996
epoch 13 Removed nodes = 4
epoch 14 Std = 7025.498090468036
epoch 14 Susceptible nodes = 0
epoch 14 Update times = 999995
epoch 14 Infected nodes = 999996
epoch 14 Removed nodes = 4
epoch 15 Std = 3804.430310352286
epoch 15 Susceptible nodes = 0
epoch 15 Update times = 999996
epoch 15 Infected nodes = 999996
epoch 15 Removed nodes = 4
epoch 16 Std = 2057.965456662969
epoch 16 Susceptible nodes = 0
epoch 16 Update times = 999996
epoch 16 Infected nodes = 999996
epoch 16 Removed nodes = 4
epoch 17 Std = 1115.0235520183735
epoch 17 Susceptible nodes = 0
epoch 17 Update times = 999991
epoch 17 Infected nodes = 999992
epoch 17 Removed nodes = 8
epoch 18 Std = 604.0276898101057
epoch 18 Susceptible nodes = 0
epoch 18 Update times = 999991
epoch 18 Infected nodes = 999992
epoch 18 Removed nodes = 8
epoch 19 Std = 327.24321682529444
epoch 19 Susceptible nodes = 0
epoch 19 Update times = 999988
epoch 19 Infected nodes = 999991
epoch 19 Removed nodes = 9
epoch 20 Std = 177.28511676645618
epoch 20 Susceptible nodes = 0
epoch 20 Update times = 999989
epoch 20 Infected nodes = 999990
epoch 20 Removed nodes = 10
epoch 21 Std = 95.95297731547338
epoch 21 Susceptible nodes = 0
epoch 21 Update times = 999979
epoch 21 Infected nodes = 999981
epoch 21 Removed nodes = 19
epoch 22 Std = 51.971451631876675
epoch 22 Susceptible nodes = 0
epoch 22 Update times = 999968
epoch 22 Infected nodes = 999972
epoch 22 Removed nodes = 28
epoch 23 Std = 28.146735919171146
epoch 23 Susceptible nodes = 0
epoch 23 Update times = 999959
epoch 23 Infected nodes = 999963
epoch 23 Removed nodes = 37
epoch 24 Std = 15.25830403635584
epoch 24 Susceptible nodes = 0
epoch 24 Update times = 999943
epoch 24 Infected nodes = 999947
epoch 24 Removed nodes = 53
epoch 25 Std = 8.264886205874538
epoch 25 Susceptible nodes = 0
epoch 25 Update times = 999898
epoch 25 Infected nodes = 999910
epoch 25 Removed nodes = 90
epoch 26 Std = 4.47795581620848
epoch 26 Susceptible nodes = 0
epoch 26 Update times = 999827
epoch 26 Infected nodes = 999842
epoch 26 Removed nodes = 158
epoch 27 Std = 2.4280374905965623
epoch 27 Susceptible nodes = 0
epoch 27 Update times = 999683
epoch 27 Infected nodes = 999722
epoch 27 Removed nodes = 278
epoch 28 Std = 1.3162465088575603
epoch 28 Susceptible nodes = 0
epoch 28 Update times = 999400
epoch 28 Infected nodes = 999466
epoch 28 Removed nodes = 534
epoch 29 Std = 0.7135234558988023
epoch 29 Susceptible nodes = 0
epoch 29 Update times = 998890
epoch 29 Infected nodes = 999032
epoch 29 Removed nodes = 968
epoch 30 Std = 0.3869835270244611
epoch 30 Susceptible nodes = 0
epoch 30 Update times = 998045
epoch 30 Infected nodes = 998294
epoch 30 Removed nodes = 1706
epoch 31 Std = 0.21065632777843746
epoch 31 Susceptible nodes = 0
epoch 31 Update times = 996345
epoch 31 Infected nodes = 996857
epoch 31 Removed nodes = 3143
epoch 32 Std = 0.11472218759039063
epoch 32 Susceptible nodes = 0
epoch 32 Update times = 993357
epoch 32 Infected nodes = 994246
epoch 32 Removed nodes = 5754
epoch 33 Std = 0.06296271442937436
epoch 33 Susceptible nodes = 0
epoch 33 Update times = 987691
epoch 33 Infected nodes = 989312
epoch 33 Removed nodes = 10688
epoch 34 Std = 0.03485878357897813
epoch 34 Susceptible nodes = 0
epoch 34 Update times = 977260
epoch 34 Infected nodes = 980310
epoch 34 Removed nodes = 19690
epoch 35 Std = 0.01973601767984813
epoch 35 Susceptible nodes = 0
epoch 35 Update times = 958807
epoch 35 Infected nodes = 964286
epoch 35 Removed nodes = 35714
epoch 36 Std = 0.011451900375216139
epoch 36 Susceptible nodes = 0
epoch 36 Update times = 925705
epoch 36 Infected nodes = 935267
epoch 36 Removed nodes = 64733
epoch 37 Std = 0.00692969301323211
epoch 37 Susceptible nodes = 0
epoch 37 Update times = 868523
epoch 37 Infected nodes = 884820
epoch 37 Removed nodes = 115180
epoch 38 Std = 0.004459236502834598
epoch 38 Susceptible nodes = 0
epoch 38 Update times = 775008
epoch 38 Infected nodes = 801671
epoch 38 Removed nodes = 198329
epoch 39 Std = 0.0030985645184368367
epoch 39 Susceptible nodes = 0
epoch 39 Update times = 637618
epoch 39 Infected nodes = 676602
epoch 39 Removed nodes = 323398
epoch 40 Std = 0.0023318186967720023
epoch 40 Susceptible nodes = 0
epoch 40 Update times = 465167
epoch 40 Infected nodes = 512786
epoch 40 Removed nodes = 487214
epoch 41 Std = 0.0018758846457309032
epoch 41 Susceptible nodes = 0
epoch 41 Update times = 294961
epoch 41 Infected nodes = 340645
epoch 41 Removed nodes = 659355
epoch 42 Std = 0.00163250289455525
epoch 42 Susceptible nodes = 0
epoch 42 Update times = 166407
epoch 42 Infected nodes = 199280
epoch 42 Removed nodes = 800720
epoch 43 Std = 0.0015155338022731421
epoch 43 Susceptible nodes = 0
epoch 43 Update times = 87656
epoch 43 Infected nodes = 106617
epoch 43 Removed nodes = 893383
epoch 44 Std = 0.0014572683169501784
epoch 44 Susceptible nodes = 0
epoch 44 Update times = 44517
epoch 44 Infected nodes = 53994
epoch 44 Removed nodes = 946006
epoch 45 Std = 0.0014286020285746983
epoch 45 Susceptible nodes = 0
epoch 45 Update times = 21768
epoch 45 Infected nodes = 26191
epoch 45 Removed nodes = 973809
epoch 46 Std = 0.0014157040612107206
epoch 46 Susceptible nodes = 0
epoch 46 Update times = 10694
epoch 46 Infected nodes = 12568
epoch 46 Removed nodes = 987432
epoch 47 Std = 0.0014101229594412643
epoch 47 Susceptible nodes = 0
epoch 47 Update times = 5029
epoch 47 Infected nodes = 5927
epoch 47 Removed nodes = 994073
epoch 48 Std = 0.001406978429968804
epoch 48 Susceptible nodes = 0
epoch 48 Update times = 2421
epoch 48 Infected nodes = 2835
epoch 48 Removed nodes = 997165
epoch 49 Std = 0.0014056302083257676
epoch 49 Susceptible nodes = 0
epoch 49 Update times = 1119
epoch 49 Infected nodes = 1280
epoch 49 Removed nodes = 998720
epoch 50 Std = 0.0014048915452009225
epoch 50 Susceptible nodes = 0
epoch 50 Update times = 525
epoch 50 Infected nodes = 591
epoch 50 Removed nodes = 999409
epoch 51 Std = 0.0014045165117672802
epoch 51 Susceptible nodes = 0
epoch 51 Update times = 251
epoch 51 Infected nodes = 284
epoch 51 Removed nodes = 999716
epoch 52 Std = 0.0014043981722898528
epoch 52 Susceptible nodes = 0
epoch 52 Update times = 122
epoch 52 Infected nodes = 141
epoch 52 Removed nodes = 999859
epoch 53 Std = 0.0014043589324131101
epoch 53 Susceptible nodes = 0
epoch 53 Update times = 63
epoch 53 Infected nodes = 72
epoch 53 Removed nodes = 999928
epoch 54 Std = 0.0014043148305585347
epoch 54 Susceptible nodes = 0
epoch 54 Update times = 29
epoch 54 Infected nodes = 30
epoch 54 Removed nodes = 999970
epoch 55 Std = 0.0014042970489201887
epoch 55 Susceptible nodes = 0
epoch 55 Update times = 9
epoch 55 Infected nodes = 9
epoch 55 Removed nodes = 999991
epoch 56 Std = 0.0014042930403847477
epoch 56 Susceptible nodes = 0
epoch 56 Update times = 5
epoch 56 Infected nodes = 6
epoch 56 Removed nodes = 999994
epoch 57 Std = 0.0014042924998470855
epoch 57 Susceptible nodes = 0
epoch 57 Update times = 2
epoch 57 Infected nodes = 3
epoch 57 Removed nodes = 999997
epoch 58 Std = 0.0014042915456554661
epoch 58 Susceptible nodes = 0
epoch 58 Update times = 2
epoch 58 Infected nodes = 2
epoch 58 Removed nodes = 999998
epoch 59 Std = 0.001404289448398727
epoch 59 Susceptible nodes = 0
epoch 59 Update times = 1
epoch 59 Infected nodes = 2
epoch 59 Removed nodes = 999998
epoch 60 Std = 0.0014042886410469005
epoch 60 Susceptible nodes = 0
epoch 60 Update times = 1
epoch 60 Infected nodes = 1
epoch 60 Removed nodes = 999999
epoch 61 Std = 0.0014042886410469005
epoch 61 Susceptible nodes = 0
epoch 61 Update times = 0
epoch 61 Infected nodes = 1
epoch 61 Removed nodes = 999999
epoch 62 Std = 0.0014042886410469005
epoch 62 Susceptible nodes = 0
epoch 62 Update times = 0
epoch 62 Infected nodes = 0
epoch 62 Removed nodes = 1000000
time difference = 456.8370683193207
2018-11-29 11:00:28
push_pull time diff =  550.8045172691345
gossip_push time diff =  483.12159991264343
gossip_push_pull time diff =  456.8370683193207

Process finished with exit code 0
